<?xml version="1.0" encoding="UTF-8"?>
<testng-results ignored="0" total="1" passed="1" failed="0" skipped="0">
  <reporter-output>
  </reporter-output>
  <suite started-at="2020-10-30T16:27:42 IST" name="login scenario" finished-at="2020-10-30T16:28:28 IST" duration-ms="45806">
    <groups>
    </groups>
    <test started-at="2020-10-30T16:27:42 IST" name="Login validation" finished-at="2020-10-30T16:28:28 IST" duration-ms="45806">
      <class name="com.ProjectTest.OrangeLogin">
        <test-method is-config="true" signature="loginToApplication()[pri:0, instance:com.ProjectTest.OrangeLogin@1b1473ab]" started-at="2020-10-30T16:27:42 IST" name="loginToApplication" finished-at="2020-10-30T16:27:43 IST" duration-ms="909" status="PASS">
          <reporter-output>
          </reporter-output>
        </test-method> <!-- loginToApplication -->
        <test-method signature="loginTest()[pri:0, instance:com.ProjectTest.OrangeLogin@1b1473ab]" started-at="2020-10-30T16:27:43 IST" name="loginTest" finished-at="2020-10-30T16:28:28 IST" duration-ms="44801" status="PASS">
          <reporter-output>
          </reporter-output>
        </test-method> <!-- loginTest -->
      </class> <!-- com.ProjectTest.OrangeLogin -->
    </test> <!-- Login validation -->
  </suite> <!-- login scenario -->
</testng-results>
